TN:
SF:src/modificacion.ts
FN:33,(anonymous_0)
FN:40,(anonymous_1)
FN:49,(anonymous_2)
FN:57,(anonymous_3)
FN:65,(anonymous_4)
FN:83,(anonymous_5)
FN:90,(anonymous_6)
FN:94,(anonymous_7)
FN:109,(anonymous_8)
FN:116,(anonymous_9)
FNF:10
FNH:10
FNDA:4,(anonymous_0)
FNDA:1,(anonymous_1)
FNDA:1,(anonymous_2)
FNDA:1,(anonymous_3)
FNDA:1,(anonymous_4)
FNDA:3,(anonymous_5)
FNDA:2,(anonymous_6)
FNDA:5,(anonymous_7)
FNDA:1,(anonymous_8)
FNDA:1,(anonymous_9)
DA:33,4
DA:41,1
DA:50,1
DA:58,1
DA:66,1
DA:78,1
DA:84,3
DA:91,2
DA:92,2
DA:94,2
DA:95,5
DA:97,2
DA:104,1
DA:110,1
DA:117,1
DA:118,1
DA:122,1
DA:123,1
DA:124,1
DA:125,1
LF:20
LH:20
BRF:0
BRH:0
end_of_record
TN:
SF:src/modificacion2.ts
FN:13,(anonymous_0)
FN:19,(anonymous_1)
FN:27,(anonymous_2)
FN:44,(anonymous_3)
FN:63,(anonymous_4)
FNF:5
FNH:5
FNDA:1,(anonymous_0)
FNDA:3,(anonymous_1)
FNDA:223,(anonymous_2)
FNDA:2,(anonymous_3)
FNDA:2,(anonymous_4)
DA:7,1
DA:20,3
DA:21,1
DA:23,3
DA:28,223
DA:29,4
DA:31,219
DA:32,1779
DA:33,154
DA:36,65
DA:45,2
DA:46,2
DA:47,2
DA:48,2
DA:49,142
DA:50,40
DA:51,40
DA:53,142
DA:55,2
DA:64,2
DA:65,2
DA:66,80
DA:67,24
DA:70,2
DA:74,1
DA:75,1
DA:76,1
LF:27
LH:27
BRDA:20,0,0,1
BRDA:20,0,1,2
BRDA:28,1,0,4
BRDA:28,1,1,219
BRDA:32,2,0,154
BRDA:32,2,1,1625
BRDA:49,3,0,40
BRDA:49,3,1,102
BRDA:66,4,0,24
BRDA:66,4,1,56
BRF:10
BRH:10
end_of_record
TN:
SF:src/ejercicio-1/combat.ts
FN:20,(anonymous_0)
FN:29,(anonymous_1)
FN:76,(anonymous_2)
FNF:3
FNH:3
FNDA:8,(anonymous_0)
FNDA:3,(anonymous_1)
FNDA:1,(anonymous_2)
DA:7,1
DA:9,1
DA:14,1
DA:20,8
DA:30,3
DA:31,3
DA:33,2
DA:34,0
DA:35,2
DA:36,0
DA:38,2
DA:40,2
DA:43,0
DA:44,0
DA:46,0
DA:48,0
DA:51,1
DA:52,0
DA:54,1
DA:56,1
DA:59,0
DA:60,0
DA:61,0
DA:62,0
DA:64,0
DA:66,0
DA:69,3
DA:70,3
DA:77,1
DA:78,1
DA:80,1
DA:81,2
DA:82,2
DA:83,2
DA:84,2
DA:85,2
DA:87,2
DA:88,1
DA:91,1
DA:92,1
DA:93,1
DA:94,1
DA:95,1
DA:100,1
DA:101,1
DA:102,1
DA:103,1
LF:47
LH:34
BRDA:31,0,0,2
BRDA:31,0,1,0
BRDA:31,0,2,1
BRDA:31,0,3,0
BRDA:33,1,0,0
BRDA:33,1,1,2
BRDA:35,2,0,0
BRDA:35,2,1,2
BRDA:43,3,0,0
BRDA:43,3,1,0
BRDA:43,4,0,0
BRDA:43,4,1,0
BRDA:51,5,0,0
BRDA:51,5,1,1
BRDA:59,6,0,0
BRDA:59,6,1,0
BRDA:61,7,0,0
BRDA:61,7,1,0
BRDA:80,8,0,2
BRDA:80,8,1,2
BRDA:87,9,0,1
BRDA:87,9,1,1
BRF:22
BRH:9
end_of_record
TN:
SF:src/ejercicio-1/dc.ts
FN:24,(anonymous_0)
FNF:1
FNH:1
FNDA:4,(anonymous_0)
DA:7,1
DA:14,1
DA:25,4
LF:3
LH:3
BRF:0
BRH:0
end_of_record
TN:
SF:src/ejercicio-1/fighter.ts
FN:35,(anonymous_0)
FNF:1
FNH:1
FNDA:12,(anonymous_0)
DA:25,1
DA:35,12
DA:36,12
LF:3
LH:3
BRF:0
BRH:0
end_of_record
TN:
SF:src/ejercicio-1/marvel.ts
FN:24,(anonymous_0)
FNF:1
FNH:1
FNDA:4,(anonymous_0)
DA:7,1
DA:14,1
DA:25,4
LF:3
LH:3
BRF:0
BRH:0
end_of_record
TN:
SF:src/ejercicio-1/pokedex.ts
FN:12,(anonymous_0)
FNF:1
FNH:1
FNDA:2,(anonymous_0)
DA:8,1
DA:9,1
DA:11,1
DA:12,2
DA:16,1
DA:17,1
DA:18,1
LF:7
LH:7
BRF:0
BRH:0
end_of_record
TN:
SF:src/ejercicio-1/pokemon.ts
FN:24,(anonymous_0)
FNF:1
FNH:1
FNDA:2,(anonymous_0)
DA:7,1
DA:14,1
DA:25,2
LF:3
LH:3
BRF:0
BRH:0
end_of_record
TN:
SF:src/ejercicio-1/star_wars.ts
FN:24,(anonymous_0)
FNF:1
FNH:1
FNDA:2,(anonymous_0)
DA:7,1
DA:14,1
DA:25,2
LF:3
LH:3
BRF:0
BRH:0
end_of_record
TN:
SF:src/ejercicio-2/basicstreamable.ts
FN:17,(anonymous_0)
FN:24,(anonymous_1)
FN:32,(anonymous_2)
FNF:3
FNH:3
FNDA:9,(anonymous_0)
FNDA:3,(anonymous_1)
FNDA:3,(anonymous_2)
DA:12,1
DA:17,9
DA:25,3
DA:33,3
LF:4
LH:4
BRF:0
BRH:0
end_of_record
TN:
SF:src/ejercicio-2/documentales.ts
FN:27,(anonymous_0)
FN:37,(anonymous_1)
FN:42,(anonymous_2)
FN:50,(anonymous_3)
FN:58,(anonymous_4)
FN:66,(anonymous_5)
FNF:6
FNH:6
FNDA:3,(anonymous_0)
FNDA:6,(anonymous_1)
FNDA:3,(anonymous_2)
FNDA:5,(anonymous_3)
FNDA:3,(anonymous_4)
FNDA:3,(anonymous_5)
DA:7,1
DA:22,1
DA:28,3
DA:38,6
DA:40,6
DA:42,1
DA:43,3
DA:44,1
DA:47,1
DA:50,2
DA:51,5
DA:52,2
DA:55,2
DA:58,1
DA:59,3
DA:60,1
DA:63,1
DA:66,1
DA:67,3
DA:68,1
DA:71,1
DA:74,1
DA:75,1
DA:77,6
DA:81,1
DA:82,1
DA:84,1
DA:85,1
DA:86,1
DA:88,1
DA:89,1
LF:31
LH:31
BRDA:40,0,0,1
BRDA:40,0,1,2
BRDA:40,0,2,1
BRDA:40,0,3,1
BRDA:40,0,4,1
BRDA:43,1,0,1
BRDA:43,1,1,2
BRDA:51,2,0,2
BRDA:51,2,1,3
BRDA:59,3,0,1
BRDA:59,3,1,2
BRDA:67,4,0,1
BRDA:67,4,1,2
BRF:13
BRH:13
end_of_record
TN:
SF:src/ejercicio-2/pelis.ts
FN:29,(anonymous_0)
FN:39,(anonymous_1)
FN:44,(anonymous_2)
FN:52,(anonymous_3)
FN:60,(anonymous_4)
FN:68,(anonymous_5)
FN:76,(anonymous_6)
FN:84,(anonymous_7)
FNF:8
FNH:8
FNDA:3,(anonymous_0)
FNDA:8,(anonymous_1)
FNDA:3,(anonymous_2)
FNDA:3,(anonymous_3)
FNDA:5,(anonymous_4)
FNDA:3,(anonymous_5)
FNDA:3,(anonymous_6)
FNDA:3,(anonymous_7)
DA:7,1
DA:24,1
DA:30,3
DA:40,8
DA:42,8
DA:44,1
DA:45,3
DA:46,1
DA:49,1
DA:52,1
DA:53,3
DA:54,1
DA:57,1
DA:60,2
DA:61,5
DA:62,2
DA:65,2
DA:68,1
DA:69,3
DA:70,1
DA:73,1
DA:76,1
DA:77,3
DA:78,1
DA:81,1
DA:84,1
DA:85,3
DA:86,1
DA:89,1
DA:92,1
DA:93,1
DA:95,8
DA:99,1
DA:100,1
DA:102,1
DA:103,1
DA:104,1
DA:106,1
DA:107,1
LF:39
LH:39
BRDA:42,0,0,1
BRDA:42,0,1,1
BRDA:42,0,2,2
BRDA:42,0,3,1
BRDA:42,0,4,1
BRDA:42,0,5,1
BRDA:42,0,6,1
BRDA:45,1,0,1
BRDA:45,1,1,2
BRDA:53,2,0,1
BRDA:53,2,1,2
BRDA:61,3,0,2
BRDA:61,3,1,3
BRDA:69,4,0,1
BRDA:69,4,1,2
BRDA:77,5,0,1
BRDA:77,5,1,2
BRDA:85,6,0,1
BRDA:85,6,1,2
BRF:19
BRH:19
end_of_record
TN:
SF:src/ejercicio-2/series.ts
FN:28,(anonymous_0)
FN:38,(anonymous_1)
FN:43,(anonymous_2)
FN:51,(anonymous_3)
FN:59,(anonymous_4)
FN:67,(anonymous_5)
FN:75,(anonymous_6)
FNF:7
FNH:7
FNDA:3,(anonymous_0)
FNDA:6,(anonymous_1)
FNDA:3,(anonymous_2)
FNDA:3,(anonymous_3)
FNDA:3,(anonymous_4)
FNDA:2,(anonymous_5)
FNDA:3,(anonymous_6)
DA:7,1
DA:23,1
DA:29,3
DA:39,6
DA:41,6
DA:43,1
DA:44,3
DA:45,1
DA:48,1
DA:51,1
DA:52,3
DA:53,2
DA:56,1
DA:59,1
DA:60,3
DA:61,1
DA:64,1
DA:67,1
DA:68,2
DA:69,1
DA:72,1
DA:75,1
DA:76,3
DA:77,1
DA:80,1
DA:83,1
DA:84,1
DA:86,6
DA:90,1
DA:91,1
DA:93,1
DA:94,1
DA:95,1
DA:97,1
DA:98,1
LF:35
LH:35
BRDA:41,0,0,1
BRDA:41,0,1,1
BRDA:41,0,2,1
BRDA:41,0,3,1
BRDA:41,0,4,1
BRDA:41,0,5,1
BRDA:44,1,0,1
BRDA:44,1,1,2
BRDA:52,2,0,2
BRDA:52,2,1,1
BRDA:60,3,0,1
BRDA:60,3,1,2
BRDA:68,4,0,1
BRDA:68,4,1,1
BRDA:76,5,0,1
BRDA:76,5,1,2
BRF:16
BRH:16
end_of_record
TN:
SF:src/ejercicio-3/cifrado.ts
FN:22,(anonymous_0)
FN:28,(anonymous_1)
FN:37,(anonymous_2)
FNF:3
FNH:3
FNDA:8,(anonymous_0)
FNDA:6,(anonymous_1)
FNDA:7,(anonymous_2)
DA:15,1
DA:22,8
DA:29,6
DA:30,6
DA:38,7
DA:39,7
DA:40,7
DA:43,7
DA:44,5
DA:45,5
DA:46,50
DA:47,5
DA:49,45
DA:50,45
DA:52,45
DA:53,45
DA:57,2
DA:58,8
DA:61,7
LF:19
LH:19
BRDA:43,0,0,5
BRDA:43,0,1,2
BRDA:46,1,0,5
BRDA:46,1,1,45
BRF:4
BRH:4
end_of_record
TN:
SF:src/ejercicio-3/codificacion.ts
FN:20,(anonymous_0)
FN:27,(anonymous_1)
FN:47,(anonymous_2)
FNF:3
FNH:3
FNDA:4,(anonymous_0)
FNDA:3,(anonymous_1)
FNDA:2,(anonymous_2)
DA:7,1
DA:13,1
DA:21,4
DA:28,3
DA:29,3
DA:30,3
DA:31,3
DA:33,3
DA:34,22
DA:37,3
DA:38,22
DA:40,3
DA:41,3
DA:48,2
DA:52,1
DA:53,1
DA:54,1
DA:55,1
LF:18
LH:18
BRF:0
BRH:0
end_of_record
TN:
SF:src/ejercicio-3/decodificacion.ts
FN:20,(anonymous_0)
FN:28,(anonymous_1)
FN:51,(anonymous_2)
FNF:3
FNH:3
FNDA:4,(anonymous_0)
FNDA:3,(anonymous_1)
FNDA:2,(anonymous_2)
DA:7,1
DA:13,1
DA:21,4
DA:29,3
DA:30,3
DA:31,3
DA:32,3
DA:34,3
DA:35,22
DA:36,17
DA:38,5
DA:42,3
DA:43,22
DA:45,3
DA:46,3
DA:52,2
DA:56,1
DA:57,1
DA:58,1
DA:59,1
LF:20
LH:20
BRDA:35,0,0,17
BRDA:35,0,1,5
BRF:2
BRH:2
end_of_record
TN:
SF:src/modi-3/bubblesort.ts
FN:12,(anonymous_0)
FNF:1
FNH:1
FNDA:1,(anonymous_0)
DA:6,1
DA:13,1
DA:14,3
DA:15,9
DA:16,3
DA:17,3
DA:18,3
DA:22,1
LF:8
LH:8
BRDA:15,0,0,3
BRDA:15,0,1,6
BRF:2
BRH:2
end_of_record
TN:
SF:src/modi-3/mergesort.ts
FN:12,(anonymous_0)
FN:29,(anonymous_1)
FNF:2
FNH:2
FNDA:16,(anonymous_0)
FNDA:7,(anonymous_1)
DA:6,1
DA:13,16
DA:14,9
DA:17,7
DA:18,7
DA:20,7
DA:30,7
DA:31,7
DA:32,7
DA:34,7
DA:35,12
DA:36,9
DA:37,9
DA:39,3
DA:40,3
DA:43,7
LF:16
LH:16
BRDA:13,0,0,9
BRDA:13,0,1,7
BRDA:34,1,0,19
BRDA:34,1,1,15
BRDA:35,2,0,9
BRDA:35,2,1,3
BRF:6
BRH:6
end_of_record
TN:
SF:src/modi-3/solver.ts
FN:12,(anonymous_0)
FN:20,(anonymous_1)
FN:27,(anonymous_2)
FNF:3
FNH:3
FNDA:4,(anonymous_0)
FNDA:1,(anonymous_1)
FNDA:3,(anonymous_2)
DA:6,1
DA:12,4
DA:21,1
DA:28,3
LF:4
LH:4
BRF:0
BRH:0
end_of_record
